This is pdfTeX, Version 3.141592653-2.6-1.40.22 (TeX Live 2022/dev/Debian) (preloaded format=latex 2023.1.19)  20 JAN 2023 18:20
entering extended mode
 restricted \write18 enabled.
 %&-line parsing enabled.
**artbook.tex
(./artbook.tex
LaTeX2e <2021-11-15> patch level 1
L3 programming layer <2022-01-21>
(/usr/share/texlive/texmf-dist/tex/latex/base/book.cls
Document Class: book 2021/10/04 v1.4n Standard LaTeX document class
(/usr/share/texlive/texmf-dist/tex/latex/base/bk10.clo
File: bk10.clo 2021/10/04 v1.4n Standard LaTeX file (size option)
)
\c@part=\count185
\c@chapter=\count186
\c@section=\count187
\c@subsection=\count188
\c@subsubsection=\count189
\c@paragraph=\count190
\c@subparagraph=\count191
\c@figure=\count192
\c@table=\count193
\abovecaptionskip=\skip47
\belowcaptionskip=\skip48
\bibindent=\dimen138
)
(/usr/share/texmf/tex/latex/asymptote/asymptote.sty
Package: asymptote 2021/12/29 v1.37 Asymptote style file for LaTeX
 (./artbook.pre)
\ASYbox=\box50
\ASYdimen=\dimen139
\c@asy=\count194
\AsyStream=\write3
\AsyPreStream=\write4

(/usr/share/texlive/texmf-dist/tex/latex/graphics/keyval.sty
Package: keyval 2014/10/28 v1.15 key=value parser (DPC)
\KV@toks@=\toks16
)
(/usr/share/texlive/texmf-dist/tex/latex/base/ifthen.sty
Package: ifthen 2020/11/24 v1.1c Standard LaTeX ifthen package (DPC)
)
(/usr/share/texlive/texmf-dist/tex/latex/graphics/graphicx.sty
Package: graphicx 2021/09/16 v1.2d Enhanced LaTeX Graphics (DPC,SPQR)

(/usr/share/texlive/texmf-dist/tex/latex/graphics/graphics.sty
Package: graphics 2021/03/04 v1.4d Standard LaTeX Graphics (DPC,SPQR)

(/usr/share/texlive/texmf-dist/tex/latex/graphics/trig.sty
Package: trig 2021/08/11 v1.11 sin cos tan (DPC)
)
(/usr/share/texlive/texmf-dist/tex/latex/graphics-cfg/graphics.cfg
File: graphics.cfg 2016/06/04 v1.11 sample graphics configuration
)
Package graphics Info: Driver file: dvips.def on input line 107.

(/usr/share/texlive/texmf-dist/tex/latex/graphics-def/dvips.def
File: dvips.def 2017/06/20 v3.1d Graphics/color driver for dvips
))
\Gin@req@height=\dimen140
\Gin@req@width=\dimen141
)
(/usr/share/texlive/texmf-dist/tex/generic/iftex/ifpdf.sty
Package: ifpdf 2019/10/25 v3.4 ifpdf legacy package. Use iftex instead.

(/usr/share/texlive/texmf-dist/tex/generic/iftex/iftex.sty
Package: iftex 2020/03/06 v1.0d TeX engine tests
))
(/usr/share/texlive/texmf-dist/tex/generic/iftex/ifxetex.sty
Package: ifxetex 2019/10/25 v0.7 ifxetex legacy package. Use iftex instead.
)
(/usr/share/texlive/texmf-dist/tex/generic/catchfile/catchfile.sty
Package: catchfile 2019/12/09 v1.8 Catch the contents of a file (HO)

(/usr/share/texlive/texmf-dist/tex/generic/infwarerr/infwarerr.sty
Package: infwarerr 2019/12/03 v1.5 Providing info/warning/error messages (HO)
)
(/usr/share/texlive/texmf-dist/tex/generic/ltxcmds/ltxcmds.sty
Package: ltxcmds 2020-05-10 v1.25 LaTeX kernel commands for general use (HO)
)
(/usr/share/texlive/texmf-dist/tex/generic/etexcmds/etexcmds.sty
Package: etexcmds 2019/12/15 v1.7 Avoid name clashes with e-TeX commands (HO)
))
\openout4 = `artbook.pre'.

)
(/usr/share/texlive/texmf-dist/tex/latex/numprint/numprint.sty
Package: numprint 2012/08/20 v1.39 Print numbers (HH)

(/usr/share/texlive/texmf-dist/tex/latex/tools/array.sty
Package: array 2021/10/04 v2.5f Tabular extension package (FMi)
\col@sep=\dimen142
\ar@mcellbox=\box51
\extrarowheight=\dimen143
\NC@list=\toks17
\extratabsurround=\skip49
\backup@length=\skip50
\ar@cellbox=\box52
)
\c@nprt@mantissa@digitsbefore=\count195
\c@nprt@mantissa@digitsafter=\count196
\c@nprt@exponent@digitsbefore=\count197
\c@nprt@exponent@digitsafter=\count198
\nprt@digitwidth=\skip51
\nprt@sepwidth=\skip52
\nprt@decimalwidth=\skip53
\nprt@blockwidth=\skip54
\nprt@digittoks=\toks18
\nprt@pretoks=\toks19
\nprt@posttoks=\toks20
\nprt@thisdigit=\count199
\nprt@curpos=\count266
\nprt@rndpos=\count267
\c@nprt@digitsfirstblock=\count268
\c@nprt@blockcnt=\count269
\c@nprt@cntprint=\count270

No configuration file `numprint.cfg' found.)
(/usr/share/texlive/texmf-dist/tex/latex/tools/tabularx.sty
Package: tabularx 2020/01/15 v2.11c `tabularx' package (DPC)
\TX@col@width=\dimen144
\TX@old@table=\dimen145
\TX@old@col=\dimen146
\TX@target=\dimen147
\TX@delta=\dimen148
\TX@cols=\count271
\TX@ftn=\toks21
)
(/usr/share/texlive/texmf-dist/tex/latex/spreadtab/spreadtab.sty
Package: spreadtab 2019/02/27 v0.5 Spreadsheet features for table environments 
(CT)

(/usr/share/texlive/texmf-dist/tex/generic/xstring/xstring.sty
(/usr/share/texlive/texmf-dist/tex/generic/xstring/xstring.tex
\integerpart=\count272
\decimalpart=\count273
)
Package: xstring 2021/07/21 v1.84 String manipulations (CT)
)
(/usr/share/texlive/texmf-dist/tex/latex/fp/fp.sty
Package: fp 1995/04/02

`Fixed Point Package', Version 0.8, April 2, 1995 (C) Michael Mehlich
(/usr/share/texlive/texmf-dist/tex/latex/fp/defpattern.sty
Package: defpattern 1994/10/12
\actioncount=\count274
)
(/usr/share/texlive/texmf-dist/tex/latex/fp/fp-basic.sty
Package: fp-basic 1996/05/13
\FP@xs=\count275
\FP@xia=\count276
\FP@xib=\count277
\FP@xfa=\count278
\FP@xfb=\count279
\FP@rega=\count280
\FP@regb=\count281
\FP@regs=\count282
\FP@times=\count283
)
(/usr/share/texlive/texmf-dist/tex/latex/fp/fp-addons.sty
Package: fp-addons 1995/03/15
)
(/usr/share/texlive/texmf-dist/tex/latex/fp/fp-snap.sty
Package: fp-snap 1995/04/05
)
(/usr/share/texlive/texmf-dist/tex/latex/fp/fp-exp.sty
Package: fp-exp 1995/04/03
)
(/usr/share/texlive/texmf-dist/tex/latex/fp/fp-trigo.sty
Package: fp-trigo 1995/04/14
)
(/usr/share/texlive/texmf-dist/tex/latex/fp/fp-pas.sty
Package: fp-pas 1994/08/29
)
(/usr/share/texlive/texmf-dist/tex/latex/fp/fp-random.sty
Package: fp-random 1995/02/23
\FPseed=\count284
)
(/usr/share/texlive/texmf-dist/tex/latex/fp/fp-eqn.sty
Package: fp-eqn 1995/04/03
)
(/usr/share/texlive/texmf-dist/tex/latex/fp/fp-upn.sty
Package: fp-upn 1996/10/21
)
(/usr/share/texlive/texmf-dist/tex/latex/fp/fp-eval.sty
Package: fp-eval 1995/04/03
))
spreadtab message: FP calc engine now active
\ST@count=\count285
\ST@colcount=\count286
\ST@colcount@i=\count287
\ST@rowcount=\count288
\ST@rowcount@i=\count289
\ST@intpart=\count290
)
(/usr/share/texlive/texmf-dist/tex/latex/l3kernel/expl3.sty
Package: expl3 2022-01-21 L3 programming layer (loader) 

(/usr/share/texlive/texmf-dist/tex/latex/l3backend/l3backend-dvips.def
File: l3backend-dvips.def 2022-01-12 L3 backend support: dvips
\l__pdf_internal_box=\box53
\g__pdf_backend_object_int=\count291
\l__pdf_backend_content_box=\box54
\l__pdf_backend_model_box=\box55
\g__pdf_backend_annotation_int=\count292
\g__pdf_backend_link_int=\count293
\g__pdf_backend_link_sf_int=\count294
))
(/usr/share/texlive/texmf-dist/tex/generic/babel/babel.sty
Package: babel 2022/01/26 3.70 The Babel package
\babel@savecnt=\count295
\U@D=\dimen149
\l@unhyphenated=\language10

(/usr/share/texlive/texmf-dist/tex/generic/babel/txtbabel.def)
\bbl@readstream=\read2
\bbl@dirlevel=\count296

(/usr/share/texlive/texmf-dist/tex/generic/babel-spanish/spanish.ldf
Language: spanish.ldf 2021/05/27 v5.0q Spanish support from the babel system
\es@quottoks=\toks22
\es@quotdepth=\count297
Package babel Info: Making " an active character on input line 570.
Package babel Info: Making . an active character on input line 675.
Package babel Info: Making < an active character on input line 722.
Package babel Info: Making > an active character on input line 722.
))
(/usr/share/texlive/texmf-dist/tex/latex/amsmath/amsmath.sty
Package: amsmath 2021/10/15 v2.17l AMS math features
\@mathmargin=\skip55

For additional information on amsmath, use the `?' option.
(/usr/share/texlive/texmf-dist/tex/latex/amsmath/amstext.sty
Package: amstext 2021/08/26 v2.01 AMS text

(/usr/share/texlive/texmf-dist/tex/latex/amsmath/amsgen.sty
File: amsgen.sty 1999/11/30 v2.0 generic functions
\@emptytoks=\toks23
\ex@=\dimen150
))
(/usr/share/texlive/texmf-dist/tex/latex/amsmath/amsbsy.sty
Package: amsbsy 1999/11/29 v1.2d Bold Symbols
\pmbraise@=\dimen151
)
(/usr/share/texlive/texmf-dist/tex/latex/amsmath/amsopn.sty
Package: amsopn 2021/08/26 v2.02 operator names
)
\inf@bad=\count298
LaTeX Info: Redefining \frac on input line 234.
\uproot@=\count299
\leftroot@=\count300
LaTeX Info: Redefining \overline on input line 399.
\classnum@=\count301
\DOTSCASE@=\count302
LaTeX Info: Redefining \ldots on input line 496.
LaTeX Info: Redefining \dots on input line 499.
LaTeX Info: Redefining \cdots on input line 620.
\Mathstrutbox@=\box56
\strutbox@=\box57
\big@size=\dimen152
LaTeX Font Info:    Redeclaring font encoding OML on input line 743.
LaTeX Font Info:    Redeclaring font encoding OMS on input line 744.
\macc@depth=\count303
\c@MaxMatrixCols=\count304
\dotsspace@=\muskip16
\c@parentequation=\count305
\dspbrk@lvl=\count306
\tag@help=\toks24
\row@=\count307
\column@=\count308
\maxfields@=\count309
\andhelp@=\toks25
\eqnshift@=\dimen153
\alignsep@=\dimen154
\tagshift@=\dimen155
\tagwidth@=\dimen156
\totwidth@=\dimen157
\lineht@=\dimen158
\@envbody=\toks26
\multlinegap=\skip56
\multlinetaggap=\skip57
\mathdisplay@stack=\toks27
LaTeX Info: Redefining \[ on input line 2938.
LaTeX Info: Redefining \] on input line 2939.
)
(/usr/share/texlive/texmf-dist/tex/latex/amsfonts/amsfonts.sty
Package: amsfonts 2013/01/14 v3.01 Basic AMSFonts support
\symAMSa=\mathgroup4
\symAMSb=\mathgroup5
LaTeX Font Info:    Redeclaring math symbol \hbar on input line 98.
LaTeX Font Info:    Overwriting math alphabet `\mathfrak' in version `bold'
(Font)                  U/euf/m/n --> U/euf/b/n on input line 106.
)
(/usr/share/texlive/texmf-dist/tex/latex/pst-solides3d/pst-solides3d.sty
(/usr/share/texlive/texmf-dist/tex/latex/pstricks/pstricks.sty
Package: pstricks 2021/08/23 v0.71 LaTeX wrapper for `PSTricks' (RN,HV)

(/usr/share/texlive/texmf-dist/tex/latex/xcolor/xcolor.sty
Package: xcolor 2021/10/31 v2.13 LaTeX color extensions (UK)

(/usr/share/texlive/texmf-dist/tex/latex/graphics-cfg/color.cfg
File: color.cfg 2016/01/02 v1.6 sample color configuration
)
Package xcolor Info: Driver file: dvips.def on input line 227.
Package xcolor Info: Model `cmy' substituted by `cmy0' on input line 1352.
Package xcolor Info: Model `RGB' extended on input line 1368.
Package xcolor Info: Model `HTML' substituted by `rgb' on input line 1370.
Package xcolor Info: Model `Hsb' substituted by `hsb' on input line 1371.
Package xcolor Info: Model `tHsb' substituted by `hsb' on input line 1372.
Package xcolor Info: Model `HSB' substituted by `hsb' on input line 1373.
Package xcolor Info: Model `Gray' substituted by `gray' on input line 1374.
Package xcolor Info: Model `wave' substituted by `hsb' on input line 1375.
)
(/usr/share/texlive/texmf-dist/tex/generic/xkeyval/pst-xkey.tex
File: pst-xkey.tex 2005/11/25 v1.6 PSTricks specialization of xkeyval (HA)

(/usr/share/texlive/texmf-dist/tex/latex/xkeyval/xkeyval.sty
Package: xkeyval 2020/11/20 v2.8 package option processing (HA)

(/usr/share/texlive/texmf-dist/tex/generic/xkeyval/xkeyval.tex
(/usr/share/texlive/texmf-dist/tex/generic/xkeyval/xkvutils.tex
\XKV@toks=\toks28
\XKV@tempa@toks=\toks29
)
\XKV@depth=\count310
File: xkeyval.tex 2014/12/03 v2.7a key=value parser (HA)
)))
(/usr/share/texlive/texmf-dist/tex/generic/pstricks/pstricks.tex
(/usr/share/texlive/texmf-dist/tex/generic/pstricks/pst-fp.tex
`pst-fp' v0.06, 2020/11/20 (hv)
\pstFP@xs=\count311
\pstFP@xia=\count312
\pstFP@xib=\count313
\pstFP@xfa=\count314
\pstFP@xfb=\count315
\pstFP@rega=\count316
\pstFP@regb=\count317
\pstFP@regs=\count318
\pstFP@times=\count319
)
(/usr/share/texlive/texmf-dist/tex/generic/pgf/utilities/pgfutil-common.tex
\pgfutil@everybye=\toks30
\pgfutil@tempdima=\dimen159
\pgfutil@tempdimb=\dimen160

(/usr/share/texlive/texmf-dist/tex/generic/pgf/utilities/pgfutil-common-lists.t
ex)) (/usr/share/texlive/texmf-dist/tex/generic/pgf/utilities/pgfkeys.code.tex
\pgfkeys@pathtoks=\toks31
\pgfkeys@temptoks=\toks32

(/usr/share/texlive/texmf-dist/tex/generic/pgf/utilities/pgfkeysfiltered.code.t
ex
\pgfkeys@tmptoks=\toks33
)) (/usr/share/texlive/texmf-dist/tex/generic/pgf/utilities/pgffor.code.tex
Loading pgffor.code.tex
(/usr/share/texlive/texmf-dist/tex/generic/pgf/math/pgfmath.code.tex
(/usr/share/texlive/texmf-dist/tex/generic/pgf/math/pgfmathcalc.code.tex
(/usr/share/texlive/texmf-dist/tex/generic/pgf/math/pgfmathutil.code.tex
\pgf@x=\dimen161
\pgf@xa=\dimen162
\pgf@xb=\dimen163
\pgf@xc=\dimen164
\pgf@y=\dimen165
\pgf@ya=\dimen166
\pgf@yb=\dimen167
\pgf@yc=\dimen168
\c@pgf@counta=\count320
\c@pgf@countb=\count321
\c@pgf@countc=\count322
\c@pgf@countd=\count323
\pgfutil@tempcnta=\count324
\pgfutil@tempcntb=\count325
)
(/usr/share/texlive/texmf-dist/tex/generic/pgf/math/pgfmathparser.code.tex
\pgfmath@dimen=\dimen169
\pgfmath@count=\count326
\pgfmath@box=\box58
\pgfmath@toks=\toks34
\pgfmath@stack@operand=\toks35
\pgfmath@stack@operation=\toks36
)
(/usr/share/texlive/texmf-dist/tex/generic/pgf/math/pgfmathfunctions.code.tex
(/usr/share/texlive/texmf-dist/tex/generic/pgf/math/pgfmathfunctions.basic.code
.tex)
(/usr/share/texlive/texmf-dist/tex/generic/pgf/math/pgfmathfunctions.trigonomet
ric.code.tex)
(/usr/share/texlive/texmf-dist/tex/generic/pgf/math/pgfmathfunctions.random.cod
e.tex)
(/usr/share/texlive/texmf-dist/tex/generic/pgf/math/pgfmathfunctions.comparison
.code.tex)
(/usr/share/texlive/texmf-dist/tex/generic/pgf/math/pgfmathfunctions.base.code.
tex)
(/usr/share/texlive/texmf-dist/tex/generic/pgf/math/pgfmathfunctions.round.code
.tex)
(/usr/share/texlive/texmf-dist/tex/generic/pgf/math/pgfmathfunctions.misc.code.
tex)
(/usr/share/texlive/texmf-dist/tex/generic/pgf/math/pgfmathfunctions.integerari
thmetics.code.tex)))
(/usr/share/texlive/texmf-dist/tex/generic/pgf/math/pgfmathfloat.code.tex
\c@pgfmathroundto@lastzeros=\count327
))
\pgffor@iter=\dimen170
\pgffor@skip=\dimen171
\pgffor@stack=\toks37
\pgffor@toks=\toks38
)
\psLoopIndex=\count328

`PSTricks' v3.13  <2022/01/09> (tvz,hv)
\pst@dima=\dimen172
\pst@dimb=\dimen173
\pst@dimc=\dimen174
\pst@dimd=\dimen175
\pst@dimg=\dimen176
\pst@dimh=\dimen177
\pst@dimm=\dimen178
\pst@dimn=\dimen179
\pst@dimo=\dimen180
\pst@dimp=\dimen181
\pst@hbox=\box59
\pst@ibox=\box60
\pst@boxg=\box61
\pst@cnta=\count329
\pst@cntb=\count330
\pst@cntc=\count331
\pst@cntd=\count332
\pst@cntg=\count333
\pst@cnth=\count334
\pst@cntm=\count335
\pst@cntn=\count336
\pst@cnto=\count337
\pst@cntp=\count338
\@zero=\count339
\pst@toks=\toks39
--- We are running latex or xelatex ---
(/usr/share/texlive/texmf-dist/tex/generic/pstricks/pstricks.con)
(/usr/share/texlive/texmf-dist/tex/generic/pstricks/pstricks-color.tex)
\psunit=\dimen182
\psxunit=\dimen183
\psyunit=\dimen184
\pst@C@@rType=\count340
\pslinewidth=\dimen185
\psk@startLW=\dimen186
\psk@endLW=\dimen187

(/usr/share/texlive/texmf-dist/tex/generic/pstricks/pstricks-arrows.tex
\pshooklength=\dimen188
\pshookwidth=\dimen189
)
\pst@customdefs=\toks40

(/usr/share/texlive/texmf-dist/tex/generic/pstricks/pstricks-dots.tex)
\pslinearc=\dimen190
\pst@symbolStep=\dimen191
\pst@symbolWidth=\dimen192
\pst@symbolLinewidth=\dimen193
\everypsbox=\toks41
\psframesep=\dimen194
\pslabelsep=\dimen195
\sh@wgridXunit=\dimen196
\sh@wgridYunit=\dimen197
\pst@shift=\dimen198
\ps@imagectr=\count341

(/usr/share/texlive/texmf-dist/tex/generic/pstricks/pstricks.con))
File: pstricks.tex 2022/01/09 v3.13 `PSTricks' (tvz,hv)

(/usr/share/texlive/texmf-dist/tex/generic/pstricks/pst-fp.tex
`pst-fp' v0.06, 2020/11/20 (hv))
File: pst-fp.tex 2020/11/20 v0.06 `PST-fp' (hv)
)
Package: pst-solides3d 2017/03/03 package wrapper for pst-solides3d

(/usr/share/texlive/texmf-dist/tex/generic/pst-solides3d/pst-solides3d.tex
(/usr/share/texlive/texmf-dist/tex/generic/pst-node/pst-node.tex
 v1.43, 2022/01/31
\psrow=\count342
\pscol=\count343
\psmatrixcnt=\count344
\psrowsep=\skip58
\pscolsep=\skip59
\pst@args=\count345
\num@pts=\count346
\pst@argcnt=\count347
)
(/usr/share/texlive/texmf-dist/tex/generic/multido/multido.tex
 v1.42, 2010/05/14 <tvz>
\multido@count=\count348
\multidocount=\count349
\multido@stuff=\toks42
) `PSTSOLIDESIIID' v4.34a, 2018/12/27
\test@mode=\count350
)
File: pst-solides3d.tex 2018/12/27 v4.34a `PST-solides3D'
)
(/usr/share/texlive/texmf-dist/tex/latex/pst-3dplot/pst-3dplot.sty
(/usr/share/texlive/texmf-dist/tex/latex/pst-3d/pst-3d.sty
Package: pst-3d 2009/07/28 package wrapper for pst-3d.tex (hv)

(/usr/share/texlive/texmf-dist/tex/generic/pst-3d/pst-3d.tex
`PST-3d' v1.11, 2010/02/14 (tvz))
File: pst-3d.tex 2010/02/14 v1.11 `PST-3d' (hv)
)
(/usr/share/texlive/texmf-dist/tex/latex/pst-plot/pst-plot.sty
Package: pst-plot 2011/06/05 v1.00 LaTeX wrapper for `pst-plot' (HV)

(/usr/share/texlive/texmf-dist/tex/latex/xkeyval/pst-xkey.sty
Package: pst-xkey 2005/11/25 v1.6 package wrapper for pst-xkey.tex (HA)
)
(/usr/share/texlive/texmf-dist/tex/latex/multido/multido.sty
Package: multido 2004/05/17 package wrapper for PSTricks `multido.tex', (HV/RN)

)
Package: pst-plot 2021/09/23 package wrapper for pst-plot.tex (hv)

(/usr/share/texlive/texmf-dist/tex/generic/pst-plot/pst-plot.tex
(/usr/share/texlive/texmf-dist/tex/generic/pst-tools/pst-tools.tex
`PST-tools' v0.12, 2021/09/23 (hv)
\randomi=\count351
\ranval=\count352
)
(/usr/share/texlive/texmf-dist/tex/generic/pstricks-add/pstricks-add.tex
(/usr/share/texlive/texmf-dist/tex/generic/pst-arrow/pst-arrow.tex
`pst-arrow' v0.05, 2021/11/16 (dr,hv))
(/usr/share/texlive/texmf-dist/tex/generic/pst-math/pst-math.tex
`pst-math' v0.64 , (CJ,hv)) `pstricks-add' v3.92, 2021/12/25 (dr,hv)
\psparallelogramsep=\dimen199
\pst@cntC=\count353
\pst@stepcount=\count354
\chart@ColorIndex=\dimen256
\chart@ColorStep=\dimen257
\pst@chartHeight=\dimen258
\pst@chartStackDepth=\dimen259
\pst@chartStackWidth=\dimen260
\chart@Toggle=\count355
\psVectorCtr=\count356
)
 v1.93, 2021/09/23 (tvz,hv)
\pstRadUnit=\dimen261
\pstRadUnitInv=\dimen262
\pst@linecnt=\count357
\RCD@file=\read3
\psxlabelsep=\dimen263
\psylabelsep=\dimen264
\psk@subticksize=\dimen265
\pst@xticksizeA=\dimen266
\pst@xticksizeB=\dimen267
\pst@xticksizeC=\dimen268
\pst@yticksizeA=\dimen269
\pst@yticksizeB=\dimen270
\pst@yticksizeC=\dimen271
\@digitcounter=\count358
\psk@llx=\dimen272
\psk@lly=\dimen273
\psk@urx=\dimen274
\psk@ury=\dimen275
\pst@xunit=\dimen276
\pst@yunit=\dimen277
)
File: pst-plot.tex 2021/09/23 1.93 `pst-plot' (tvz,hv)
)
(/usr/share/texlive/texmf-dist/tex/latex/pst-node/pst-node.sty
Package: pst-node 2012/09/18 v1.01 LaTeX wrapper for `pst-node' (HV)
Package: pst-node 2010/04/22 package wrapper for pst-node.tex

(/usr/share/texlive/texmf-dist/tex/generic/pst-node/pst-node.tex)
File: pst-node.tex 2021/09/23 1.93 `pst-node' (tvz,hv)
)
Package: pst-3dplot 2010/01/01 package wrapper for pst-3dplot.tex (hv)

(/usr/share/texlive/texmf-dist/tex/generic/pst-3dplot/pst-3dplot.tex
(/usr/share/texlive/texmf-dist/tex/generic/pst-node/pst-node.tex)
(/usr/share/texlive/texmf-dist/tex/generic/multido/multido.tex
 v1.42, 2010/05/14 <tvz>) `PST-3dplot' v2.07a, 2022/01/14 (HV,DL)
\pst@dimf=\dimen278
\pst@cntx=\count359
\pst@cnty=\count360
\pst@cntz=\count361
\pst@dimx=\dimen279
\pst@dimy=\dimen280
\pst@dimz=\dimen281
\pst@dx=\dimen282
\pst@dy=\dimen283
\pszunit=\dimen284
)
File: pst-3dplot.tex 2022/01/14 v2.07a `PST-3dplot' (hv)
)
(/usr/share/texlive/texmf-dist/tex/latex/pst-eucl/pst-eucl.sty
(/usr/share/texlive/texmf-dist/tex/latex/pst-tools/pst-tools.sty
Package: pst-tools 2012/01/01 package wrapper for pst-tools.tex (hv)

(/usr/share/texlive/texmf-dist/tex/generic/pst-tools/pst-tools.tex)
File: pst-tools.tex 2022/01/14 v2.07a `PST-tools' (hv)
)
(/usr/share/texlive/texmf-dist/tex/latex/pst-calculate/pst-calculate.sty
Package: pst-calculate 2019/01/24 v. 0.02(Herbert Voss) Support for caculations
 with floating point numbers.

(/usr/share/texlive/texmf-dist/tex/latex/l3packages/xparse/xparse.sty
Package: xparse 2022-01-12 L3 Experimental document command parser
)
(/usr/share/texlive/texmf-dist/tex/latex/siunitx/siunitx.sty
Package: siunitx 2022-02-02 v3.0.46 A comprehensive (SI) units package
\l__siunitx_angle_tmp_dim=\dimen285
\l__siunitx_angle_marker_box=\box62
\l__siunitx_angle_unit_box=\box63
\l__siunitx_compound_count_int=\count362

(/usr/share/texlive/texmf-dist/tex/latex/translations/translations.sty
Package: translations 2022/01/04 v1.11 internationalization of LaTeX2e packages
 (CN)

(/usr/share/texlive/texmf-dist/tex/latex/etoolbox/etoolbox.sty
Package: etoolbox 2020/10/05 v2.5k e-TeX tools for LaTeX (JAW)
\etb@tempcnta=\count363
)
(/usr/share/texlive/texmf-dist/tex/generic/pdftexcmds/pdftexcmds.sty
Package: pdftexcmds 2020-06-27 v0.33 Utility functions of pdfTeX for LuaTeX (HO
)
Package pdftexcmds Info: \pdf@primitive is available.
Package pdftexcmds Info: \pdf@ifprimitive is available.
Package pdftexcmds Info: \pdfdraftmode is ignored in DVI mode.
))
\l__siunitx_number_exponent_fixed_int=\count364
\l__siunitx_number_min_decimal_int=\count365
\l__siunitx_number_min_integer_int=\count366
\l__siunitx_number_round_precision_int=\count367
\l__siunitx_number_group_minimum_int=\count368
\l__siunitx_table_tmp_box=\box64
\l__siunitx_table_tmp_dim=\dimen286
\l__siunitx_table_column_width_dim=\dimen287
\l__siunitx_table_integer_box=\box65
\l__siunitx_table_decimal_box=\box66
\l__siunitx_table_before_box=\box67
\l__siunitx_table_after_box=\box68
\l__siunitx_table_before_dim=\dimen288
\l__siunitx_table_carry_dim=\dimen289
\l__siunitx_unit_tmp_int=\count369
\l__siunitx_unit_position_int=\count370
\l__siunitx_unit_total_int=\count371

(/usr/share/texlive/texmf-dist/tex/latex/l3packages/l3keys2e/l3keys2e.sty
Package: l3keys2e 2022-01-12 LaTeX2e option processing using LaTeX3 keys
)))
Package: pst-eucl 2020/09/29 package wrapper for PSTricks pst-eucl.tex

(/usr/share/texlive/texmf-dist/tex/generic/pst-eucl/pst-eucl.tex
(/usr/share/texlive/texmf-dist/tex/generic/pst-arrow/pst-arrow.tex)
`PST-Euclide v1.75, 2020/09/29 (dr,hv)
\psMarkHashLength=\dimen290
\psMarkHashSep=\dimen291
)
File: pst-eucl.tex 2020/09/29 v1.75 `PST-eucl' (dr,hv)
)
(/usr/share/texlive/texmf-dist/tex/latex/pst-fractal/pst-fractal.sty
Package: pst-fractal 2007/09/25 package wrapper for pst-fractal.tex (hv)

(/usr/share/texlive/texmf-dist/tex/generic/pst-fractal/pst-fractal.tex
`PST-fractal' v0.11a, 2020/03/16 (hv)
\pst@fractal@xWidth=\dimen292
\pst@fractal@yWidth=\dimen293
\pst@fractal@minWidth=\dimen294
\pst@fractal@Radius=\dimen295
)
File: pst-fractal.tex 2020/03/16 v0.11a `PST-fractal' (hv)
)
(/usr/share/texlive/texmf-dist/tex/latex/pst-fun/pst-fun.sty
(/usr/share/texlive/texmf-dist/tex/latex/pst-grad/pst-grad.sty
Package: pst-grad 2004/07/15 package wrapper for pst-grad.tex (hv)

(/usr/share/texlive/texmf-dist/tex/generic/pst-grad/pst-grad.tex
`pst-grad' v1.06, 2006/11/27 (tvz,dg,hv))
File: pst-grad.tex 2006/11/27 1.06 `pst-grad' (tvz)
)
(/usr/share/texlive/texmf-dist/tex/latex/pst-slpe/pst-slpe.sty
Package: pst-slpe 2005/03/05 package wrapper for `pst-slpe.tex'

(/usr/share/texlive/texmf-dist/tex/generic/pst-slpe/pst-slpe.tex
 v1.31, 2011/10/25)
File: pst-slpe.tex 2011/10/25 v1.31 `pst-slpe' (mg,hv)
)
Package: pst-fun 2007/07/23 package wrapper for pst-fun.tex (hv)

(/usr/share/texlive/texmf-dist/tex/generic/pst-fun/pst-fun.tex
`PST-fun' v0.04, 2010/04/18 (hv))
File: pst-fun.tex 2010/04/18 v0.04 `PST-fun' (hv)
)
(/usr/share/texlive/texmf-dist/tex/latex/pstricks-add/pstricks-add.sty
(/usr/share/texlive/texmf-dist/tex/latex/pst-math/pst-math.sty
Package: pst-math 2018/12/16 v 0.65 package wrapper for PSTricks pst-math.tex

(/usr/share/texlive/texmf-dist/tex/generic/iftex/ifluatex.sty
Package: ifluatex 2019/10/25 v1.5 ifluatex legacy package. Use iftex instead.
)
(/usr/share/texlive/texmf-dist/tex/generic/pst-math/pst-math.tex)
File: pst-math.tex 2010/04/18 v0.04 `PST-math' (hv)
\c@Rand@No=\count372
\c@Random@Left=\count373
\c@Random@Right=\count374
\c@Random@No@max=\count375
)
Package: pstricks-add 2021/09/10 v. 0.17 package wrapper for pstricks-add.tex (
hv)

(/usr/share/texlive/texmf-dist/tex/generic/pstricks-add/pstricks-add.tex)
File: pstricks-add.tex 2010/04/18 v0.04 `PSTricks-add' (hv)
)
(/usr/share/texlive/texmf-dist/tex/latex/tools/longtable.sty
Package: longtable 2021-09-01 v4.17 Multi-page Table package (DPC)
\LTleft=\skip60
\LTright=\skip61
\LTpre=\skip62
\LTpost=\skip63
\LTchunksize=\count376
\LTcapwidth=\dimen296
\LT@head=\box69
\LT@firsthead=\box70
\LT@foot=\box71
\LT@lastfoot=\box72
\LT@gbox=\box73
\LT@cols=\count377
\LT@rows=\count378
\c@LT@tables=\count379
\c@LT@chunks=\count380
\LT@p@ftn=\toks43
)
(/usr/share/texlive/texmf-dist/tex/latex/booktabs/booktabs.sty
Package: booktabs 2020/01/12 v1.61803398 Publication quality tables
\heavyrulewidth=\dimen297
\lightrulewidth=\dimen298
\cmidrulewidth=\dimen299
\belowrulesep=\dimen300
\belowbottomsep=\dimen301
\aboverulesep=\dimen302
\abovetopsep=\dimen303
\cmidrulesep=\dimen304
\cmidrulekern=\dimen305
\defaultaddspace=\dimen306
\@cmidla=\count381
\@cmidlb=\count382
\@aboverulesep=\dimen307
\@belowrulesep=\dimen308
\@thisruleclass=\count383
\@lastruleclass=\count384
\@thisrulewidth=\dimen309
)
(/usr/share/texlive/texmf-dist/tex/latex/apacite/apacite.sty
Package: apacite 2013/07/21 v6.03 APA citation
\c@BibCnt=\count385
\bibleftmargin=\skip64
\bibindent=\skip65
\bibparsep=\skip66
\bibitemsep=\skip67
\biblabelsep=\skip68
)
(/usr/share/texlive/texmf-dist/tex/latex/usebib/usebib.sty
Package: usebib 2012/03/17 v1.0 Reusing bib files

(/usr/share/texlive/texmf-dist/tex/latex/url/url.sty
\Urlmuskip=\muskip17
Package: url 2013/09/16  ver 3.4  Verb mode for urls, etc.
)) (./bb.bib)
(/usr/share/texlive/texmf-dist/tex/latex/base/makeidx.sty
Package: makeidx 2021/10/04 v1.0m Standard LaTeX package
)
\@indexfile=\write5
\openout5 = `artbook.idx'.


Writing index file artbook.idx
\c@comen=\count386
\c@thm=\count387
\c@lem=\count388
\c@cor=\count389
\c@prop=\count390
\c@rem=\count391
\c@ill=\count392
(./artbook.aux
LaTeX Info: Redefining \. on input line 8.
LaTeX Info: Redefining \% on input line 8.


LaTeX Warning: Label `tab:w1wwwww' multiply defined.


LaTeX Warning: Label `tab:w1wwwww' multiply defined.

)
\openout1 = `artbook.aux'.

LaTeX Font Info:    Checking defaults for OML/cmm/m/it on input line 61.
LaTeX Font Info:    ... okay on input line 61.
LaTeX Font Info:    Checking defaults for OMS/cmsy/m/n on input line 61.
LaTeX Font Info:    ... okay on input line 61.
LaTeX Font Info:    Checking defaults for OT1/cmr/m/n on input line 61.
LaTeX Font Info:    ... okay on input line 61.
LaTeX Font Info:    Checking defaults for T1/cmr/m/n on input line 61.
LaTeX Font Info:    ... okay on input line 61.
LaTeX Font Info:    Checking defaults for TS1/cmr/m/n on input line 61.
LaTeX Font Info:    ... okay on input line 61.
LaTeX Font Info:    Checking defaults for OMX/cmex/m/n on input line 61.
LaTeX Font Info:    ... okay on input line 61.
LaTeX Font Info:    Checking defaults for U/cmr/m/n on input line 61.
LaTeX Font Info:    ... okay on input line 61.
LaTeX Info: Redefining \. on input line 61.
LaTeX Info: Redefining \% on input line 61.

(/usr/share/texlive/texmf-dist/tex/latex/translations/translations-basic-dictio
nary-spanish.trsl
File: translations-basic-dictionary-spanish.trsl (spanish translation file `tra
nslations-basic-dictionary')
)
Package translations Info: loading dictionary `translations-basic-dictionary' f
or `spanish'. on input line 61.
\c@maskedRefs=\count393
 (/usr/share/texlive/texmf-dist/tex/latex/apacite/spanish.apc
File: spanish.apc 2013/07/21 v6.03 apacite language file
LaTeX Info: Redefining \BPBI on input line 138.
LaTeX Info: Redefining \BHBI on input line 139.
)
\openout3 = `asy/artbook-1.asy'.

File: asy/artbook-1.eps Graphic file (type eps)
 <asy/artbook-1.eps>
LaTeX Font Info:    Font shape `OT1/cmtt/bx/n' in size <10> not available
(Font)              Font shape `OT1/cmtt/m/n' tried instead on input line 111.
 [1

]
Underfull \hbox (badness 10000) in paragraph at lines 124--125

 []


Underfull \hbox (badness 10000) in paragraph at lines 126--129

 []

\openout3 = `asy/artbook-2.asy'.

File: asy/artbook-2.eps Graphic file (type eps)
<asy/artbook-2.eps>
Overfull \hbox (11.99689pt too wide) in paragraph at lines 160--168
\OT1/cmtt/m/n/10 Todos los derechos reservados. Ninguna parte de esto libro pue
de ser
 []


Overfull \hbox (1.49698pt too wide) in paragraph at lines 160--168
\OT1/cmtt/m/n/10 reproducido en cualquier forma, o por cualquier medio, sin per
miso
 []

[2] (./artbook.toc
LaTeX Info: Redefining \. on input line 1.
LaTeX Info: Redefining \% on input line 1.


LaTeX Font Warning: Font shape `OT1/cmr/bx/sc' undefined
(Font)              using `OT1/cmr/bx/n' instead on input line 2.


Package spanish Warning: Replacing `OT1/cmr/bx/sc' by 
(spanish)                faked small caps on input line 2.


Package spanish Warning: Replacing `OT1/cmr/bx/sc' by 
(spanish)                faked small caps on input line 3.


Package spanish Warning: Replacing `OT1/cmr/bx/sc' by 
(spanish)                faked small caps on input line 4.


Package spanish Warning: Replacing `OT1/cmr/bx/sc' by 
(spanish)                faked small caps on input line 5.

LaTeX Font Info:    Trying to load font information for U+msa on input line 7.
(/usr/share/texlive/texmf-dist/tex/latex/amsfonts/umsa.fd
File: umsa.fd 2013/01/14 v3.01 AMS symbols A
)
LaTeX Font Info:    Trying to load font information for U+msb on input line 7.

(/usr/share/texlive/texmf-dist/tex/latex/amsfonts/umsb.fd
File: umsb.fd 2013/01/14 v3.01 AMS symbols B
) [1

]

Package spanish Warning: Replacing `OT1/cmr/bx/sc' by 
(spanish)                faked small caps on input line 61.


Package spanish Warning: Replacing `OT1/cmr/bx/sc' by 
(spanish)                faked small caps on input line 67.


Package spanish Warning: Replacing `OT1/cmr/bx/sc' by 
(spanish)                faked small caps on input line 71.


Package spanish Warning: Replacing `OT1/cmr/bx/sc' by 
(spanish)                faked small caps on input line 76.

LaTeX Info: Redefining \. on input line 76.
LaTeX Info: Redefining \% on input line 76.
[2]

Package spanish Warning: Replacing `OT1/cmr/bx/sc' by 
(spanish)                faked small caps on input line 85.


Overfull \hbox (3.0332pt too wide) detected at line 86
 [][]
 []


Overfull \hbox (3.0332pt too wide) detected at line 87
 [][]
 []


Overfull \hbox (3.0332pt too wide) detected at line 88
 [][]
 []

)
\tf@toc=\write6
\openout6 = `artbook.toc'.

LaTeX Info: Redefining \. on input line 179.
LaTeX Info: Redefining \% on input line 179.
 [3]
LaTeX Info: Redefining \. on input line 179.
LaTeX Info: Redefining \% on input line 179.
 [4

] (./artbook.lof
LaTeX Info: Redefining \. on input line 1.
LaTeX Info: Redefining \% on input line 1.
 [5]
Overfull \hbox (0.1443pt too wide) detected at line 62
 [][]
 []


Overfull \hbox (6.27762pt too wide) detected at line 66
 [][]
 []


Overfull \hbox (6.27762pt too wide) detected at line 67
 [][]
 []

)
\tf@lof=\write7
\openout7 = `artbook.lof'.

LaTeX Info: Redefining \. on input line 183.
LaTeX Info: Redefining \% on input line 183.
 [6] (./artbook.lot
LaTeX Info: Redefining \. on input line 1.
LaTeX Info: Redefining \% on input line 1.
)
\tf@lot=\write8
\openout8 = `artbook.lot'.

 [7

]
LaTeX Info: Redefining \. on input line 189.
LaTeX Info: Redefining \% on input line 189.
 [8


]
Overfull \hbox (74.92773pt too wide) in paragraph at lines 192--196
[]$[]$ \OT1/cmr/m/n/10 Dou-ble un-der-li-ned text $[]$ $[]$ 
 []

[9]
LaTeX Info: Redefining \. on input line 213.
LaTeX Info: Redefining \% on input line 213.
 [10

]
Cap\'{\i }tulo 1.

Overfull \hbox (0.17096pt too wide) in paragraph at lines 226--226
\OT1/cmr/m/it/10 op-tio-nal ar-gu-ment of newtheo-rem to in-di-ca-te that []Hil
bert y Cohn-Vossen, 2020).
 []

\openout3 = `asy/artbook-3.asy'.

File: asy/artbook-3.eps Graphic file (type eps)
<asy/artbook-3.eps> [1]
\openout3 = `asy/artbook-4.asy'.

File: asy/artbook-4.eps Graphic file (type eps)
 <asy/artbook-4.eps>
LaTeX Info: Redefining \. on input line 323.
LaTeX Info: Redefining \% on input line 323.
 [2]
LaTeX Info: Redefining \. on input line 364.
LaTeX Info: Redefining \% on input line 364.
 [3]
LaTeX Info: Redefining \. on input line 491.
LaTeX Info: Redefining \% on input line 491.
 [4]
LaTeX Info: Redefining \. on input line 534.
LaTeX Info: Redefining \% on input line 534.
 [5]
LaTeX Info: Redefining \. on input line 601.
LaTeX Info: Redefining \% on input line 601.
 [6]
LaTeX Info: Redefining \. on input line 694.
LaTeX Info: Redefining \% on input line 694.
 [7]
LaTeX Info: Redefining \. on input line 850.
LaTeX Info: Redefining \% on input line 850.
 [8]
LaTeX Info: Redefining \. on input line 850.
LaTeX Info: Redefining \% on input line 850.

[9]
Overfull \hbox (9.52225pt too wide) in paragraph at lines 907--908
 [] 
 []

LaTeX Info: Redefining \. on input line 920.
LaTeX Info: Redefining \% on input line 920.
[10]
LaTeX Info: Redefining \. on input line 945.
LaTeX Info: Redefining \% on input line 945.
 [11]
LaTeX Info: Redefining \. on input line 1023.
LaTeX Info: Redefining \% on input line 1023.
 [12]
LaTeX Info: Redefining \. on input line 1131.
LaTeX Info: Redefining \% on input line 1131.
 [13]
LaTeX Info: Redefining \. on input line 1136.
LaTeX Info: Redefining \% on input line 1136.
 [14]
LaTeX Info: Redefining \. on input line 1209.
LaTeX Info: Redefining \% on input line 1209.
 [15]
LaTeX Info: Redefining \. on input line 1242.
LaTeX Info: Redefining \% on input line 1242.
 [16]
Overfull \hbox (27.18062pt too wide) in paragraph at lines 1285--1285
[]\OT1/cmr/bx/n/12 Ejemplos de Com-po-si-ci^^Son so-bre los Rect^^Sangu-los Din
^^Sami-
 []

LaTeX Info: Redefining \. on input line 1385.
LaTeX Info: Redefining \% on input line 1385.
[17]
LaTeX Info: Redefining \. on input line 1385.
LaTeX Info: Redefining \% on input line 1385.
 [18]
LaTeX Info: Redefining \. on input line 1396.
LaTeX Info: Redefining \% on input line 1396.
 [19]
LaTeX Info: Redefining \. on input line 1396.
LaTeX Info: Redefining \% on input line 1396.
 [20

]
Cap\'{\i }tulo 2.
\openout3 = `asy/artbook-5.asy'.

File: asy/artbook-5.eps Graphic file (type eps)
<asy/artbook-5.eps> [21]
\openout3 = `asy/artbook-6.asy'.

File: asy/artbook-6.eps Graphic file (type eps)
 <asy/artbook-6.eps>
LaTeX Info: Redefining \. on input line 1518.
LaTeX Info: Redefining \% on input line 1518.
 [22]
Underfull \vbox (badness 10000) has occurred while \output is active []

LaTeX Info: Redefining \. on input line 1525.
LaTeX Info: Redefining \% on input line 1525.
 [23]
\openout3 = `asy/artbook-7.asy'.

File: asy/artbook-7.eps Graphic file (type eps)

<asy/artbook-7.eps>
LaTeX Info: Redefining \. on input line 1551.
LaTeX Info: Redefining \% on input line 1551.
 [24]
\openout3 = `asy/artbook-8.asy'.

File: asy/artbook-8.eps Graphic file (type eps)
 <asy/artbook-8.eps>
LaTeX Info: Redefining \. on input line 1577.
LaTeX Info: Redefining \% on input line 1577.
 [25]
LaTeX Info: Redefining \. on input line 1577.
LaTeX Info: Redefining \% on input line 1577.
 [26

]
Cap\'{\i }tulo 3.
[27]
LaTeX Info: Redefining \. on input line 1583.
LaTeX Info: Redefining \% on input line 1583.
 [28

]
Cap\'{\i }tulo 4.
[29]
LaTeX Info: Redefining \. on input line 1590.
LaTeX Info: Redefining \% on input line 1590.
 [30

]
Cap\'{\i }tulo 5.

Overfull \hbox (24.88567pt too wide) in paragraph at lines 1630--1631
 [] 
 []

\openout3 = `asy/artbook-9.asy'.

File: asy/artbook-9.eps Graphic file (type eps)
<asy/artbook-9.eps> [31]
LaTeX Info: Redefining \. on input line 1825.
LaTeX Info: Redefining \% on input line 1825.
 [32]
LaTeX Info: Redefining \. on input line 1844.
LaTeX Info: Redefining \% on input line 1844.
 [33]
LaTeX Info: Redefining \. on input line 1847.
LaTeX Info: Redefining \% on input line 1847.
 [34]
LaTeX Info: Redefining \. on input line 1847.
LaTeX Info: Redefining \% on input line 1847.
 [35]
LaTeX Info: Redefining \. on input line 1847.
LaTeX Info: Redefining \% on input line 1847.
 [36]
Cap\'{\i }tulo 6.
[37

]
Underfull \vbox (badness 10000) has occurred while \output is active []

LaTeX Info: Redefining \. on input line 1972.
LaTeX Info: Redefining \% on input line 1972.
 [38]
Overfull \vbox (90.26933pt too high) has occurred while \output is active []

LaTeX Info: Redefining \. on input line 1972.
LaTeX Info: Redefining \% on input line 1972.

[39]
\openout3 = `asy/artbook-10.asy'.

File: asy/artbook-10.eps Graphic file (type eps)
 <asy/artbook-10.eps>
\openout3 = `asy/artbook-11.asy'.

File: asy/artbook-11.eps Graphic file (type eps)
 <asy/artbook-11.eps>
\openout3 = `asy/artbook-12.asy'.

File: asy/artbook-12.eps Graphic file (type eps)
 <asy/artbook-12.eps>
\openout3 = `asy/artbook-13.asy'.

File: asy/artbook-13.eps Graphic file (type eps)

<asy/artbook-13.eps>
LaTeX Info: Redefining \. on input line 2182.
LaTeX Info: Redefining \% on input line 2182.
 [40]
LaTeX Info: Redefining \. on input line 2182.
LaTeX Info: Redefining \% on input line 2182.
 [41]
LaTeX Info: Redefining \. on input line 2182.
LaTeX Info: Redefining \% on input line 2182.
 [42]
Cap\'{\i }tulo 7.
[43

]
\openout3 = `asy/artbook-14.asy'.

File: asy/artbook-14.eps Graphic file (type eps)
 <asy/artbook-14.eps>
\openout3 = `asy/artbook-15.asy'.

File: asy/artbook-15.eps Graphic file (type eps)
 <asy/artbook-15.eps>
LaTeX Info: Redefining \. on input line 2416.
LaTeX Info: Redefining \% on input line 2416.
 [44]
LaTeX Info: Redefining \. on input line 2423.
LaTeX Info: Redefining \% on input line 2423.
 [45]
\openout3 = `asy/artbook-16.asy'.

File: asy/artbook-16.eps Graphic file (type eps)
 <asy/artbook-16.eps>
LaTeX Info: Redefining \. on input line 2484.
LaTeX Info: Redefining \% on input line 2484.

[46]
\openout3 = `asy/artbook-17.asy'.

File: asy/artbook-17.eps Graphic file (type eps)
 <asy/artbook-17.eps>
LaTeX Info: Redefining \. on input line 2539.
LaTeX Info: Redefining \% on input line 2539.
 [47]
\openout3 = `asy/artbook-18.asy'.

File: asy/artbook-18.eps Graphic file (type eps)
 <asy/artbook-18.eps>
LaTeX Info: Redefining \. on input line 2592.
LaTeX Info: Redefining \% on input line 2592.
 [48]
Cap\'{\i }tulo 8.
(./artbook.bbl [49

]
LaTeX Info: Redefining \. on input line 1.
LaTeX Info: Redefining \% on input line 1.
 [50

]) (./artbook.ind [51] [52


])
Ap\'{e}ndice A.
\openout3 = `asy/artbook-19.asy'.

File: asy/artbook-19.eps Graphic file (type eps)
<asy/artbook-19.eps> [1


]
\openout3 = `asy/artbook-20.asy'.

File: asy/artbook-20.eps Graphic file (type eps)
 <asy/artbook-20.eps>
LaTeX Info: Redefining \. on input line 2787.
LaTeX Info: Redefining \% on input line 2787.
 [2]
LaTeX Info: Redefining \. on input line 2794.
LaTeX Info: Redefining \% on input line 2794.
 [3]
LaTeX Info: Redefining \. on input line 2794.
LaTeX Info: Redefining \% on input line 2794.
 [4

]
Ap\'{e}ndice B.
[5]
LaTeX Info: Redefining \. on input line 2803.
LaTeX Info: Redefining \% on input line 2803.
 [6

]
Ap\'{e}ndice C.
[7]
LaTeX Info: Redefining \. on input line 2810.
LaTeX Info: Redefining \% on input line 2810.
 [8

]
Ap\'{e}ndice D.
\openout3 = `asy/artbook-21.asy'.

File: asy/artbook-21.eps Graphic file (type eps)
<asy/artbook-21.eps> [9]
\openout3 = `asy/artbook-22.asy'.

File: asy/artbook-22.eps Graphic file (type eps)
 <asy/artbook-22.eps>
\openout3 = `asy/artbook-23.asy'.

File: asy/artbook-23.eps Graphic file (type eps)
 <asy/artbook-23.eps>
LaTeX Info: Redefining \. on input line 2949.
LaTeX Info: Redefining \% on input line 2949.
 [10]
\openout3 = `asy/artbook-24.asy'.

File: asy/artbook-24.eps Graphic file (type eps)

<asy/artbook-24.eps>
LaTeX Info: Redefining \. on input line 2982.
LaTeX Info: Redefining \% on input line 2982.
 [11]
\openout3 = `asy/artbook-25.asy'.

File: asy/artbook-25.eps Graphic file (type eps)
 <asy/artbook-25.eps>
\openout3 = `asy/artbook-26.asy'.

File: asy/artbook-26.eps Graphic file (type eps)
 <asy/artbook-26.eps>
\openout3 = `asy/artbook-27.asy'.

File: asy/artbook-27.eps Graphic file (type eps)

<asy/artbook-27.eps>
LaTeX Info: Redefining \. on input line 3108.
LaTeX Info: Redefining \% on input line 3108.
 [12]
LaTeX Info: Redefining \. on input line 3108.
LaTeX Info: Redefining \% on input line 3108.
 [13]
LaTeX Info: Redefining \. on input line 3108.
LaTeX Info: Redefining \% on input line 3108.
 [14]
LaTeX Info: Redefining \. on input line 3108.
LaTeX Info: Redefining \% on input line 3108.
 [15]
LaTeX Info: Redefining \. on input line 3108.
LaTeX Info: Redefining \% on input line 3108.
 [16

]
Ap\'{e}ndice E.
\openout3 = `asy/artbook-28.asy'.

File: asy/artbook-28.eps Graphic file (type eps)
<asy/artbook-28.eps>
\openout3 = `asy/artbook-29.asy'.

File: asy/artbook-29.eps Graphic file (type eps)
 <asy/artbook-29.eps>
\openout3 = `asy/artbook-30.asy'.

File: asy/artbook-30.eps Graphic file (type eps)
 <asy/artbook-30.eps>
\openout3 = `asy/artbook-31.asy'.

File: asy/artbook-31.eps Graphic file (type eps)

<asy/artbook-31.eps>
\openout3 = `asy/artbook-32.asy'.

File: asy/artbook-32.eps Graphic file (type eps)
 <asy/artbook-32.eps> [17]
LaTeX Info: Redefining \. on input line 3291.
LaTeX Info: Redefining \% on input line 3291.
 [18] [19] (./artbook.aux
LaTeX Info: Redefining \. on input line 8.
LaTeX Info: Redefining \% on input line 8.
)

LaTeX Font Warning: Some font shapes were not available, defaults substituted.


LaTeX Warning: There were multiply-defined labels.

 ) 
Here is how much of TeX's memory you used:
 22584 strings out of 480113
 450561 string characters out of 5892657
 1202891 words of memory out of 5000000
 40108 multiletter control sequences out of 15000+600000
 480502 words of font info for 71 fonts, out of 8000000 for 9000
 85 hyphenation exceptions out of 8191
 92i,10n,92p,1049b,683s stack positions out of 5000i,500n,10000p,200000b,80000s

Output written on artbook.dvi (83 pages, 1251932 bytes).
